<?xml version="1.0" encoding="UTF-8"?>
<coverage generated="1788161691368" clover="3.2.0">
  <project timestamp="1788161691368" name="All files">
    <metrics statements="82" coveredstatements="74" conditionals="67" coveredconditionals="59" methods="26" coveredmethods="24" elements="175" coveredelements="157" complexity="0" loc="82" ncloc="82" packages="2" files="4" classes="4"/>
    <package name="api">
      <metrics statements="27" coveredstatements="23" conditionals="21" coveredconditionals="14" methods="8" coveredmethods="6"/>
      <file name="client.js" path="C:\Ngoc\PROJECT\IDX Exchange SDE Intern Summer 2026\idx-exchange-sde-intern\frontend\src\api\client.js">
        <metrics statements="27" coveredstatements="23" conditionals="21" coveredconditionals="14" methods="8" coveredmethods="6"/>
        <line num="1" count="1" type="stmt"/>
        <line num="4" count="3" type="stmt"/>
        <line num="6" count="3" type="stmt"/>
        <line num="7" count="5" type="cond" truecount="5" falsecount="0"/>
        <line num="8" count="4" type="stmt"/>
        <line num="12" count="3" type="stmt"/>
        <line num="13" count="3" type="cond" truecount="2" falsecount="0"/>
        <line num="17" count="4" type="cond" truecount="2" falsecount="0"/>
        <line num="18" count="1" type="stmt"/>
        <line num="20" count="1" type="stmt"/>
        <line num="21" count="1" type="stmt"/>
        <line num="22" count="1" type="cond" truecount="1" falsecount="1"/>
        <line num="23" count="1" type="stmt"/>
        <line num="29" count="1" type="stmt"/>
        <line num="32" count="3" type="stmt"/>
        <line num="36" count="4" type="stmt"/>
        <line num="37" count="4" type="stmt"/>
        <line num="38" count="4" type="stmt"/>
        <line num="40" count="1" type="cond" truecount="1" falsecount="1"/>
        <line num="41" count="0" type="stmt"/>
        <line num="43" count="1" type="stmt"/>
        <line num="48" count="3" type="stmt"/>
        <line num="49" count="3" type="stmt"/>
        <line num="53" count="1" type="stmt"/>
        <line num="57" count="0" type="stmt"/>
        <line num="64" count="0" type="stmt"/>
        <line num="74" count="0" type="stmt"/>
      </file>
    </package>
    <package name="components">
      <metrics statements="55" coveredstatements="51" conditionals="46" coveredconditionals="45" methods="18" coveredmethods="18"/>
      <file name="Pagination.js" path="C:\Ngoc\PROJECT\IDX Exchange SDE Intern Summer 2026\idx-exchange-sde-intern\frontend\src\components\Pagination.js">
        <metrics statements="28" coveredstatements="24" conditionals="16" coveredconditionals="15" methods="7" coveredmethods="7"/>
        <line num="4" count="10" type="stmt"/>
        <line num="7" count="10" type="cond" truecount="2" falsecount="0"/>
        <line num="8" count="35" type="stmt"/>
        <line num="11" count="3" type="stmt"/>
        <line num="13" count="3" type="cond" truecount="1" falsecount="1"/>
        <line num="15" count="0" type="stmt"/>
        <line num="16" count="0" type="stmt"/>
        <line num="19" count="0" type="stmt"/>
        <line num="20" count="0" type="stmt"/>
        <line num="21" count="3" type="cond" truecount="2" falsecount="0"/>
        <line num="23" count="2" type="stmt"/>
        <line num="25" count="2" type="stmt"/>
        <line num="26" count="8" type="stmt"/>
        <line num="29" count="2" type="stmt"/>
        <line num="32" count="1" type="stmt"/>
        <line num="34" count="1" type="stmt"/>
        <line num="35" count="3" type="stmt"/>
        <line num="38" count="1" type="stmt"/>
        <line num="39" count="1" type="stmt"/>
        <line num="42" count="3" type="stmt"/>
        <line num="50" count="11" type="cond" truecount="4" falsecount="0"/>
        <line num="51" count="2" type="stmt"/>
        <line num="54" count="9" type="stmt"/>
        <line num="56" count="9" type="stmt"/>
        <line num="61" count="1" type="stmt"/>
        <line num="69" count="49" type="cond" truecount="2" falsecount="0"/>
        <line num="79" count="1" type="stmt"/>
        <line num="98" count="1" type="stmt"/>
      </file>
      <file name="PropertyCard.js" path="C:\Ngoc\PROJECT\IDX Exchange SDE Intern Summer 2026\idx-exchange-sde-intern\frontend\src\components\PropertyCard.js">
        <metrics statements="14" coveredstatements="14" conditionals="30" coveredconditionals="30" methods="4" coveredmethods="4"/>
        <line num="7" count="9" type="cond" truecount="4" falsecount="0"/>
        <line num="8" count="1" type="stmt"/>
        <line num="11" count="8" type="stmt"/>
        <line num="26" count="9" type="stmt"/>
        <line num="28" count="9" type="stmt"/>
        <line num="29" count="2" type="cond" truecount="2" falsecount="0"/>
        <line num="30" count="1" type="stmt"/>
        <line num="31" count="1" type="stmt"/>
        <line num="34" count="1" type="stmt"/>
        <line num="37" count="9" type="stmt"/>
        <line num="39" count="1" type="stmt"/>
        <line num="40" count="1" type="stmt"/>
        <line num="43" count="9" type="stmt"/>
        <line num="97" count="1" type="stmt"/>
      </file>
      <file name="PropertyFilters.js" path="C:\Ngoc\PROJECT\IDX Exchange SDE Intern Summer 2026\idx-exchange-sde-intern\frontend\src\components\PropertyFilters.js">
        <metrics statements="13" coveredstatements="13" conditionals="0" coveredconditionals="0" methods="7" coveredmethods="7"/>
        <line num="4" count="1" type="stmt"/>
        <line num="5" count="1" type="stmt"/>
        <line num="8" count="1" type="stmt"/>
        <line num="18" count="11" type="stmt"/>
        <line num="21" count="5" type="stmt"/>
        <line num="24" count="5" type="stmt"/>
        <line num="28" count="1" type="stmt"/>
        <line num="29" count="1" type="stmt"/>
        <line num="33" count="1" type="stmt"/>
        <line num="34" count="1" type="stmt"/>
        <line num="37" count="11" type="stmt"/>
        <line num="103" count="55" type="stmt"/>
        <line num="120" count="55" type="stmt"/>
      </file>
    </package>
  </project>
</coverage>
