{"C:\\Ngoc\\PROJECT\\IDX Exchange SDE Intern Summer 2026\\idx-exchange-sde-intern\\frontend\\src\\api\\client.js": {"path":"C:\\Ngoc\\PROJECT\\IDX Exchange SDE Intern Summer 2026\\idx-exchange-sde-intern\\frontend\\src\\api\\client.js","statementMap":{"0":{"start":{"line":1,"column":17},"end":{"line":1,"column":34}},"1":{"start":{"line":4,"column":23},"end":{"line":4,"column":44}},"2":{"start":{"line":6,"column":2},"end":{"line":10,"column":5}},"3":{"start":{"line":7,"column":4},"end":{"line":9,"column":5}},"4":{"start":{"line":8,"column":6},"end":{"line":8,"column":38}},"5":{"start":{"line":12,"column":22},"end":{"line":12,"column":45}},"6":{"start":{"line":13,"column":2},"end":{"line":13,"column":46}},"7":{"start":{"line":17,"column":2},"end":{"line":30,"column":3}},"8":{"start":{"line":18,"column":18},"end":{"line":18,"column":65}},"9":{"start":{"line":20,"column":4},"end":{"line":27,"column":5}},"10":{"start":{"line":21,"column":24},"end":{"line":21,"column":45}},"11":{"start":{"line":22,"column":6},"end":{"line":24,"column":7}},"12":{"start":{"line":23,"column":8},"end":{"line":23,"column":34}},"13":{"start":{"line":29,"column":4},"end":{"line":29,"column":29}},"14":{"start":{"line":32,"column":2},"end":{"line":32,"column":25}},"15":{"start":{"line":36,"column":2},"end":{"line":44,"column":3}},"16":{"start":{"line":37,"column":21},"end":{"line":37,"column":46}},"17":{"start":{"line":38,"column":4},"end":{"line":38,"column":42}},"18":{"start":{"line":40,"column":4},"end":{"line":42,"column":5}},"19":{"start":{"line":41,"column":6},"end":{"line":41,"column":90}},"20":{"start":{"line":43,"column":4},"end":{"line":43,"column":14}},"21":{"start":{"line":48,"column":22},"end":{"line":48,"column":46}},"22":{"start":{"line":49,"column":2},"end":{"line":49,"column":71}},"23":{"start":{"line":53,"column":2},"end":{"line":53,"column":83}},"24":{"start":{"line":57,"column":2},"end":{"line":57,"column":94}},"25":{"start":{"line":64,"column":22},"end":{"line":73,"column":4}},"26":{"start":{"line":74,"column":2},"end":{"line":74,"column":75}}},"fnMap":{"0":{"name":"buildQueryString","decl":{"start":{"line":3,"column":9},"end":{"line":3,"column":25}},"loc":{"start":{"line":3,"column":39},"end":{"line":14,"column":1}},"line":3},"1":{"name":"(anonymous_1)","decl":{"start":{"line":6,"column":33},"end":{"line":6,"column":34}},"loc":{"start":{"line":6,"column":51},"end":{"line":10,"column":3}},"line":6},"2":{"name":"handleResponse","decl":{"start":{"line":16,"column":15},"end":{"line":16,"column":29}},"loc":{"start":{"line":16,"column":40},"end":{"line":33,"column":1}},"line":16},"3":{"name":"fetchWithOptionalSignal","decl":{"start":{"line":35,"column":15},"end":{"line":35,"column":38}},"loc":{"start":{"line":35,"column":58},"end":{"line":45,"column":1}},"line":35},"4":{"name":"fetchProperties","decl":{"start":{"line":47,"column":22},"end":{"line":47,"column":37}},"loc":{"start":{"line":47,"column":65},"end":{"line":50,"column":1}},"line":47},"5":{"name":"fetchPropertyDetail","decl":{"start":{"line":52,"column":22},"end":{"line":52,"column":41}},"loc":{"start":{"line":52,"column":60},"end":{"line":54,"column":1}},"line":52},"6":{"name":"fetchPropertyOpenHouses","decl":{"start":{"line":56,"column":22},"end":{"line":56,"column":45}},"loc":{"start":{"line":56,"column":64},"end":{"line":58,"column":1}},"line":56},"7":{"name":"fetchOpenHouses","decl":{"start":{"line":60,"column":22},"end":{"line":60,"column":37}},"loc":{"start":{"line":63,"column":2},"end":{"line":75,"column":1}},"line":63}},"branchMap":{"0":{"loc":{"start":{"line":3,"column":26},"end":{"line":3,"column":37}},"type":"default-arg","locations":[{"start":{"line":3,"column":35},"end":{"line":3,"column":37}}],"line":3},"1":{"loc":{"start":{"line":7,"column":4},"end":{"line":9,"column":5}},"type":"if","locations":[{"start":{"line":7,"column":4},"end":{"line":9,"column":5}},{"start":{},"end":{}}],"line":7},"2":{"loc":{"start":{"line":7,"column":8},"end":{"line":7,"column":61}},"type":"binary-expr","locations":[{"start":{"line":7,"column":8},"end":{"line":7,"column":27}},{"start":{"line":7,"column":31},"end":{"line":7,"column":45}},{"start":{"line":7,"column":49},"end":{"line":7,"column":61}}],"line":7},"3":{"loc":{"start":{"line":13,"column":9},"end":{"line":13,"column":45}},"type":"cond-expr","locations":[{"start":{"line":13,"column":23},"end":{"line":13,"column":40}},{"start":{"line":13,"column":43},"end":{"line":13,"column":45}}],"line":13},"4":{"loc":{"start":{"line":17,"column":2},"end":{"line":30,"column":3}},"type":"if","locations":[{"start":{"line":17,"column":2},"end":{"line":30,"column":3}},{"start":{},"end":{}}],"line":17},"5":{"loc":{"start":{"line":22,"column":6},"end":{"line":24,"column":7}},"type":"if","locations":[{"start":{"line":22,"column":6},"end":{"line":24,"column":7}},{"start":{},"end":{}}],"line":22},"6":{"loc":{"start":{"line":35,"column":44},"end":{"line":35,"column":56}},"type":"default-arg","locations":[{"start":{"line":35,"column":54},"end":{"line":35,"column":56}}],"line":35},"7":{"loc":{"start":{"line":40,"column":4},"end":{"line":42,"column":5}},"type":"if","locations":[{"start":{"line":40,"column":4},"end":{"line":42,"column":5}},{"start":{},"end":{}}],"line":40},"8":{"loc":{"start":{"line":47,"column":38},"end":{"line":47,"column":49}},"type":"default-arg","locations":[{"start":{"line":47,"column":47},"end":{"line":47,"column":49}}],"line":47},"9":{"loc":{"start":{"line":47,"column":51},"end":{"line":47,"column":63}},"type":"default-arg","locations":[{"start":{"line":47,"column":61},"end":{"line":47,"column":63}}],"line":47},"10":{"loc":{"start":{"line":52,"column":46},"end":{"line":52,"column":58}},"type":"default-arg","locations":[{"start":{"line":52,"column":56},"end":{"line":52,"column":58}}],"line":52},"11":{"loc":{"start":{"line":56,"column":50},"end":{"line":56,"column":62}},"type":"default-arg","locations":[{"start":{"line":56,"column":60},"end":{"line":56,"column":62}}],"line":56},"12":{"loc":{"start":{"line":61,"column":2},"end":{"line":61,"column":77}},"type":"default-arg","locations":[{"start":{"line":61,"column":75},"end":{"line":61,"column":77}}],"line":61},"13":{"loc":{"start":{"line":62,"column":2},"end":{"line":62,"column":14}},"type":"default-arg","locations":[{"start":{"line":62,"column":12},"end":{"line":62,"column":14}}],"line":62}},"s":{"0":1,"1":3,"2":3,"3":5,"4":4,"5":3,"6":3,"7":4,"8":1,"9":1,"10":1,"11":1,"12":1,"13":1,"14":3,"15":4,"16":4,"17":4,"18":1,"19":0,"20":1,"21":3,"22":3,"23":1,"24":0,"25":0,"26":0},"f":{"0":3,"1":5,"2":4,"3":4,"4":3,"5":1,"6":0,"7":0},"b":{"0":[0],"1":[4,1],"2":[5,5,5],"3":[2,1],"4":[1,3],"5":[1,0],"6":[0],"7":[0,1],"8":[1],"9":[3],"10":[1],"11":[0],"12":[0],"13":[0]},"_coverageSchema":"1a1c01bbd47fc00a2c39e90264f33305004495a9","hash":"9f7152a20d288c1e367157ed9da795b78e411bc4"}
,"C:\\Ngoc\\PROJECT\\IDX Exchange SDE Intern Summer 2026\\idx-exchange-sde-intern\\frontend\\src\\components\\Pagination.js": {"path":"C:\\Ngoc\\PROJECT\\IDX Exchange SDE Intern Summer 2026\\idx-exchange-sde-intern\\frontend\\src\\components\\Pagination.js","statementMap":{"0":{"start":{"line":4,"column":31},"end":{"line":4,"column":32}},"1":{"start":{"line":6,"column":2},"end":{"line":8,"column":3}},"2":{"start":{"line":7,"column":4},"end":{"line":7,"column":63}},"3":{"start":{"line":7,"column":56},"end":{"line":7,"column":61}},"4":{"start":{"line":10,"column":16},"end":{"line":10,"column":19}},"5":{"start":{"line":12,"column":2},"end":{"line":35,"column":3}},"6":{"start":{"line":14,"column":4},"end":{"line":16,"column":5}},"7":{"start":{"line":14,"column":17},"end":{"line":14,"column":18}},"8":{"start":{"line":15,"column":6},"end":{"line":15,"column":20}},"9":{"start":{"line":17,"column":4},"end":{"line":17,"column":31}},"10":{"start":{"line":18,"column":4},"end":{"line":18,"column":27}},"11":{"start":{"line":19,"column":9},"end":{"line":35,"column":3}},"12":{"start":{"line":22,"column":4},"end":{"line":22,"column":33}},"13":{"start":{"line":23,"column":4},"end":{"line":25,"column":5}},"14":{"start":{"line":23,"column":17},"end":{"line":23,"column":31}},"15":{"start":{"line":24,"column":6},"end":{"line":24,"column":20}},"16":{"start":{"line":26,"column":4},"end":{"line":26,"column":27}},"17":{"start":{"line":29,"column":4},"end":{"line":29,"column":33}},"18":{"start":{"line":30,"column":4},"end":{"line":32,"column":5}},"19":{"start":{"line":30,"column":17},"end":{"line":30,"column":32}},"20":{"start":{"line":31,"column":6},"end":{"line":31,"column":20}},"21":{"start":{"line":33,"column":4},"end":{"line":33,"column":31}},"22":{"start":{"line":34,"column":4},"end":{"line":34,"column":27}},"23":{"start":{"line":37,"column":2},"end":{"line":37,"column":15}},"24":{"start":{"line":41,"column":2},"end":{"line":43,"column":3}},"25":{"start":{"line":42,"column":4},"end":{"line":42,"column":16}},"26":{"start":{"line":45,"column":16},"end":{"line":45,"column":55}},"27":{"start":{"line":47,"column":2},"end":{"line":92,"column":4}},"28":{"start":{"line":52,"column":23},"end":{"line":52,"column":52}},"29":{"start":{"line":60,"column":10},"end":{"line":79,"column":11}},"30":{"start":{"line":70,"column":31},"end":{"line":70,"column":49}},"31":{"start":{"line":86,"column":23},"end":{"line":86,"column":52}}},"fnMap":{"0":{"name":"getPageNumbers","decl":{"start":{"line":3,"column":16},"end":{"line":3,"column":30}},"loc":{"start":{"line":3,"column":56},"end":{"line":38,"column":1}},"line":3},"1":{"name":"(anonymous_1)","decl":{"start":{"line":7,"column":46},"end":{"line":7,"column":47}},"loc":{"start":{"line":7,"column":56},"end":{"line":7,"column":61}},"line":7},"2":{"name":"Pagination","decl":{"start":{"line":40,"column":24},"end":{"line":40,"column":34}},"loc":{"start":{"line":40,"column":78},"end":{"line":93,"column":1}},"line":40},"3":{"name":"(anonymous_3)","decl":{"start":{"line":52,"column":17},"end":{"line":52,"column":18}},"loc":{"start":{"line":52,"column":23},"end":{"line":52,"column":52}},"line":52},"4":{"name":"(anonymous_4)","decl":{"start":{"line":59,"column":19},"end":{"line":59,"column":20}},"loc":{"start":{"line":60,"column":10},"end":{"line":79,"column":11}},"line":60},"5":{"name":"(anonymous_5)","decl":{"start":{"line":70,"column":25},"end":{"line":70,"column":26}},"loc":{"start":{"line":70,"column":31},"end":{"line":70,"column":49}},"line":70},"6":{"name":"(anonymous_6)","decl":{"start":{"line":86,"column":17},"end":{"line":86,"column":18}},"loc":{"start":{"line":86,"column":23},"end":{"line":86,"column":52}},"line":86}},"branchMap":{"0":{"loc":{"start":{"line":6,"column":2},"end":{"line":8,"column":3}},"type":"if","locations":[{"start":{"line":6,"column":2},"end":{"line":8,"column":3}},{"start":{},"end":{}}],"line":6},"1":{"loc":{"start":{"line":12,"column":2},"end":{"line":35,"column":3}},"type":"if","locations":[{"start":{"line":12,"column":2},"end":{"line":35,"column":3}},{"start":{"line":19,"column":9},"end":{"line":35,"column":3}}],"line":12},"2":{"loc":{"start":{"line":19,"column":9},"end":{"line":35,"column":3}},"type":"if","locations":[{"start":{"line":19,"column":9},"end":{"line":35,"column":3}},{"start":{"line":27,"column":9},"end":{"line":35,"column":3}}],"line":19},"3":{"loc":{"start":{"line":41,"column":2},"end":{"line":43,"column":3}},"type":"if","locations":[{"start":{"line":41,"column":2},"end":{"line":43,"column":3}},{"start":{},"end":{}}],"line":41},"4":{"loc":{"start":{"line":41,"column":6},"end":{"line":41,"column":36}},"type":"binary-expr","locations":[{"start":{"line":41,"column":6},"end":{"line":41,"column":17}},{"start":{"line":41,"column":21},"end":{"line":41,"column":36}}],"line":41},"5":{"loc":{"start":{"line":60,"column":10},"end":{"line":79,"column":11}},"type":"cond-expr","locations":[{"start":{"line":61,"column":12},"end":{"line":74,"column":17}},{"start":{"line":76,"column":12},"end":{"line":78,"column":17}}],"line":60},"6":{"loc":{"start":{"line":65,"column":18},"end":{"line":67,"column":39}},"type":"cond-expr","locations":[{"start":{"line":66,"column":22},"end":{"line":66,"column":46}},{"start":{"line":67,"column":22},"end":{"line":67,"column":39}}],"line":65},"7":{"loc":{"start":{"line":69,"column":30},"end":{"line":69,"column":71}},"type":"cond-expr","locations":[{"start":{"line":69,"column":53},"end":{"line":69,"column":59}},{"start":{"line":69,"column":62},"end":{"line":69,"column":71}}],"line":69}},"s":{"0":10,"1":10,"2":7,"3":35,"4":3,"5":3,"6":0,"7":0,"8":0,"9":0,"10":0,"11":3,"12":2,"13":2,"14":2,"15":8,"16":2,"17":1,"18":1,"19":1,"20":3,"21":1,"22":1,"23":3,"24":11,"25":2,"26":9,"27":9,"28":1,"29":49,"30":1,"31":1},"f":{"0":10,"1":35,"2":11,"3":1,"4":49,"5":1,"6":1},"b":{"0":[7,3],"1":[0,3],"2":[2,1],"3":[2,9],"4":[11,10],"5":[46,3],"6":[9,37],"7":[9,37]},"_coverageSchema":"1a1c01bbd47fc00a2c39e90264f33305004495a9","hash":"c2cf7385415ccdcfae139921a1132e9300a852b6"}
,"C:\\Ngoc\\PROJECT\\IDX Exchange SDE Intern Summer 2026\\idx-exchange-sde-intern\\frontend\\src\\components\\PropertyCard.js": {"path":"C:\\Ngoc\\PROJECT\\IDX Exchange SDE Intern Summer 2026\\idx-exchange-sde-intern\\frontend\\src\\components\\PropertyCard.js","statementMap":{"0":{"start":{"line":7,"column":2},"end":{"line":9,"column":3}},"1":{"start":{"line":8,"column":4},"end":{"line":8,"column":31}},"2":{"start":{"line":11,"column":2},"end":{"line":15,"column":5}},"3":{"start":{"line":26,"column":19},"end":{"line":26,"column":32}},"4":{"start":{"line":28,"column":22},"end":{"line":35,"column":3}},"5":{"start":{"line":29,"column":4},"end":{"line":32,"column":5}},"6":{"start":{"line":30,"column":6},"end":{"line":30,"column":16}},"7":{"start":{"line":31,"column":6},"end":{"line":31,"column":13}},"8":{"start":{"line":34,"column":4},"end":{"line":34,"column":50}},"9":{"start":{"line":37,"column":30},"end":{"line":41,"column":3}},"10":{"start":{"line":39,"column":4},"end":{"line":39,"column":28}},"11":{"start":{"line":40,"column":4},"end":{"line":40,"column":31}},"12":{"start":{"line":43,"column":2},"end":{"line":94,"column":4}},"13":{"start":{"line":97,"column":0},"end":{"line":146,"column":2}}},"fnMap":{"0":{"name":"formatPrice","decl":{"start":{"line":6,"column":9},"end":{"line":6,"column":20}},"loc":{"start":{"line":6,"column":28},"end":{"line":16,"column":1}},"line":6},"1":{"name":"PropertyCard","decl":{"start":{"line":18,"column":24},"end":{"line":18,"column":36}},"loc":{"start":{"line":25,"column":3},"end":{"line":95,"column":1}},"line":25},"2":{"name":"(anonymous_2)","decl":{"start":{"line":28,"column":22},"end":{"line":28,"column":23}},"loc":{"start":{"line":28,"column":28},"end":{"line":35,"column":3}},"line":28},"3":{"name":"(anonymous_3)","decl":{"start":{"line":37,"column":30},"end":{"line":37,"column":31}},"loc":{"start":{"line":37,"column":41},"end":{"line":41,"column":3}},"line":37}},"branchMap":{"0":{"loc":{"start":{"line":7,"column":2},"end":{"line":9,"column":3}},"type":"if","locations":[{"start":{"line":7,"column":2},"end":{"line":9,"column":3}},{"start":{},"end":{}}],"line":7},"1":{"loc":{"start":{"line":7,"column":6},"end":{"line":7,"column":43}},"type":"binary-expr","locations":[{"start":{"line":7,"column":6},"end":{"line":7,"column":20}},{"start":{"line":7,"column":24},"end":{"line":7,"column":43}}],"line":7},"2":{"loc":{"start":{"line":29,"column":4},"end":{"line":32,"column":5}},"type":"if","locations":[{"start":{"line":29,"column":4},"end":{"line":32,"column":5}},{"start":{},"end":{}}],"line":29},"3":{"loc":{"start":{"line":51,"column":13},"end":{"line":51,"column":45}},"type":"binary-expr","locations":[{"start":{"line":51,"column":13},"end":{"line":51,"column":31}},{"start":{"line":51,"column":35},"end":{"line":51,"column":45}}],"line":51},"4":{"loc":{"start":{"line":54,"column":7},"end":{"line":63,"column":7}},"type":"binary-expr","locations":[{"start":{"line":54,"column":7},"end":{"line":54,"column":23}},{"start":{"line":55,"column":8},"end":{"line":62,"column":17}}],"line":54},"5":{"loc":{"start":{"line":57,"column":39},"end":{"line":57,"column":83}},"type":"cond-expr","locations":[{"start":{"line":57,"column":52},"end":{"line":57,"column":78}},{"start":{"line":57,"column":81},"end":{"line":57,"column":83}}],"line":57},"6":{"loc":{"start":{"line":59,"column":22},"end":{"line":59,"column":79}},"type":"cond-expr","locations":[{"start":{"line":59,"column":35},"end":{"line":59,"column":58}},{"start":{"line":59,"column":61},"end":{"line":59,"column":79}}],"line":59},"7":{"loc":{"start":{"line":61,"column":11},"end":{"line":61,"column":33}},"type":"cond-expr","locations":[{"start":{"line":61,"column":24},"end":{"line":61,"column":27}},{"start":{"line":61,"column":30},"end":{"line":61,"column":33}}],"line":61},"8":{"loc":{"start":{"line":65,"column":7},"end":{"line":70,"column":7}},"type":"binary-expr","locations":[{"start":{"line":65,"column":7},"end":{"line":65,"column":22}},{"start":{"line":66,"column":8},"end":{"line":69,"column":15}}],"line":65},"9":{"loc":{"start":{"line":68,"column":11},"end":{"line":68,"column":65}},"type":"cond-expr","locations":[{"start":{"line":68,"column":43},"end":{"line":68,"column":52}},{"start":{"line":68,"column":55},"end":{"line":68,"column":65}}],"line":68},"10":{"loc":{"start":{"line":78,"column":11},"end":{"line":78,"column":54}},"type":"binary-expr","locations":[{"start":{"line":78,"column":11},"end":{"line":78,"column":29}},{"start":{"line":78,"column":33},"end":{"line":78,"column":54}}],"line":78},"11":{"loc":{"start":{"line":85,"column":9},"end":{"line":85,"column":73}},"type":"binary-expr","locations":[{"start":{"line":85,"column":9},"end":{"line":85,"column":22}},{"start":{"line":85,"column":26},"end":{"line":85,"column":73}}],"line":85},"12":{"loc":{"start":{"line":88,"column":17},"end":{"line":88,"column":43}},"type":"binary-expr","locations":[{"start":{"line":88,"column":17},"end":{"line":88,"column":36}},{"start":{"line":88,"column":40},"end":{"line":88,"column":43}}],"line":88},"13":{"loc":{"start":{"line":89,"column":17},"end":{"line":89,"column":41}},"type":"binary-expr","locations":[{"start":{"line":89,"column":17},"end":{"line":89,"column":34}},{"start":{"line":89,"column":38},"end":{"line":89,"column":41}}],"line":89},"14":{"loc":{"start":{"line":90,"column":17},"end":{"line":90,"column":42}},"type":"binary-expr","locations":[{"start":{"line":90,"column":17},"end":{"line":90,"column":35}},{"start":{"line":90,"column":39},"end":{"line":90,"column":42}}],"line":90}},"s":{"0":9,"1":1,"2":8,"3":9,"4":9,"5":2,"6":1,"7":1,"8":1,"9":9,"10":1,"11":1,"12":9,"13":1},"f":{"0":9,"1":9,"2":2,"3":1},"b":{"0":[1,8],"1":[9,9],"2":[1,1],"3":[9,1],"4":[9,2],"5":[1,1],"6":[1,1],"7":[1,1],"8":[9,2],"9":[1,1],"10":[9,1],"11":[9,1],"12":[9,1],"13":[9,1],"14":[9,1]},"_coverageSchema":"1a1c01bbd47fc00a2c39e90264f33305004495a9","hash":"f1356bd2cf5d1769e7a3aa54926803e6d3e4f83f"}
,"C:\\Ngoc\\PROJECT\\IDX Exchange SDE Intern Summer 2026\\idx-exchange-sde-intern\\frontend\\src\\components\\PropertyFilters.js": {"path":"C:\\Ngoc\\PROJECT\\IDX Exchange SDE Intern Summer 2026\\idx-exchange-sde-intern\\frontend\\src\\components\\PropertyFilters.js","statementMap":{"0":{"start":{"line":4,"column":21},"end":{"line":4,"column":36}},"1":{"start":{"line":5,"column":22},"end":{"line":5,"column":37}},"2":{"start":{"line":8,"column":29},"end":{"line":15,"column":1}},"3":{"start":{"line":18,"column":32},"end":{"line":18,"column":55}},"4":{"start":{"line":21,"column":28},"end":{"line":21,"column":36}},"5":{"start":{"line":24,"column":4},"end":{"line":24,"column":55}},"6":{"start":{"line":24,"column":26},"end":{"line":24,"column":52}},"7":{"start":{"line":28,"column":4},"end":{"line":28,"column":23}},"8":{"start":{"line":29,"column":4},"end":{"line":29,"column":22}},"9":{"start":{"line":33,"column":4},"end":{"line":33,"column":30}},"10":{"start":{"line":34,"column":4},"end":{"line":34,"column":14}},"11":{"start":{"line":37,"column":2},"end":{"line":136,"column":4}},"12":{"start":{"line":103,"column":12},"end":{"line":105,"column":21}},"13":{"start":{"line":120,"column":12},"end":{"line":122,"column":21}}},"fnMap":{"0":{"name":"PropertyFilters","decl":{"start":{"line":17,"column":24},"end":{"line":17,"column":39}},"loc":{"start":{"line":17,"column":63},"end":{"line":137,"column":1}},"line":17},"1":{"name":"handleChange","decl":{"start":{"line":20,"column":11},"end":{"line":20,"column":23}},"loc":{"start":{"line":20,"column":27},"end":{"line":25,"column":3}},"line":20},"2":{"name":"(anonymous_2)","decl":{"start":{"line":24,"column":15},"end":{"line":24,"column":16}},"loc":{"start":{"line":24,"column":26},"end":{"line":24,"column":52}},"line":24},"3":{"name":"handleSubmit","decl":{"start":{"line":27,"column":11},"end":{"line":27,"column":23}},"loc":{"start":{"line":27,"column":27},"end":{"line":30,"column":3}},"line":27},"4":{"name":"handleClear","decl":{"start":{"line":32,"column":11},"end":{"line":32,"column":22}},"loc":{"start":{"line":32,"column":25},"end":{"line":35,"column":3}},"line":32},"5":{"name":"(anonymous_5)","decl":{"start":{"line":102,"column":28},"end":{"line":102,"column":29}},"loc":{"start":{"line":103,"column":12},"end":{"line":105,"column":21}},"line":103},"6":{"name":"(anonymous_6)","decl":{"start":{"line":119,"column":29},"end":{"line":119,"column":30}},"loc":{"start":{"line":120,"column":12},"end":{"line":122,"column":21}},"line":120}},"branchMap":{},"s":{"0":1,"1":1,"2":1,"3":11,"4":5,"5":5,"6":5,"7":1,"8":1,"9":1,"10":1,"11":11,"12":55,"13":55},"f":{"0":11,"1":5,"2":5,"3":1,"4":1,"5":55,"6":55},"b":{},"_coverageSchema":"1a1c01bbd47fc00a2c39e90264f33305004495a9","hash":"850191b703217a3586fe4cf1e9accdd7efef2b3c"}
}
