TN:
SF:src\api\client.js
FN:3,buildQueryString
FN:6,(anonymous_1)
FN:16,handleResponse
FN:35,fetchWithOptionalSignal
FN:47,fetchProperties
FN:52,fetchPropertyDetail
FN:56,fetchPropertyOpenHouses
FN:60,fetchOpenHouses
FNF:8
FNH:6
FNDA:3,buildQueryString
FNDA:5,(anonymous_1)
FNDA:4,handleResponse
FNDA:4,fetchWithOptionalSignal
FNDA:3,fetchProperties
FNDA:1,fetchPropertyDetail
FNDA:0,fetchPropertyOpenHouses
FNDA:0,fetchOpenHouses
DA:1,1
DA:4,3
DA:6,3
DA:7,5
DA:8,4
DA:12,3
DA:13,3
DA:17,4
DA:18,1
DA:20,1
DA:21,1
DA:22,1
DA:23,1
DA:29,1
DA:32,3
DA:36,4
DA:37,4
DA:38,4
DA:40,1
DA:41,0
DA:43,1
DA:48,3
DA:49,3
DA:53,1
DA:57,0
DA:64,0
DA:74,0
LF:27
LH:23
BRDA:3,0,0,0
BRDA:7,1,0,4
BRDA:7,1,1,1
BRDA:7,2,0,5
BRDA:7,2,1,5
BRDA:7,2,2,5
BRDA:13,3,0,2
BRDA:13,3,1,1
BRDA:17,4,0,1
BRDA:17,4,1,3
BRDA:22,5,0,1
BRDA:22,5,1,0
BRDA:35,6,0,0
BRDA:40,7,0,0
BRDA:40,7,1,1
BRDA:47,8,0,1
BRDA:47,9,0,3
BRDA:52,10,0,1
BRDA:56,11,0,0
BRDA:61,12,0,0
BRDA:62,13,0,0
BRF:21
BRH:14
end_of_record
TN:
SF:src\components\Pagination.js
FN:3,getPageNumbers
FN:7,(anonymous_1)
FN:40,Pagination
FN:52,(anonymous_3)
FN:59,(anonymous_4)
FN:70,(anonymous_5)
FN:86,(anonymous_6)
FNF:7
FNH:7
FNDA:10,getPageNumbers
FNDA:35,(anonymous_1)
FNDA:11,Pagination
FNDA:1,(anonymous_3)
FNDA:49,(anonymous_4)
FNDA:1,(anonymous_5)
FNDA:1,(anonymous_6)
DA:4,10
DA:6,10
DA:7,35
DA:10,3
DA:12,3
DA:14,0
DA:15,0
DA:17,0
DA:18,0
DA:19,3
DA:22,2
DA:23,2
DA:24,8
DA:26,2
DA:29,1
DA:30,1
DA:31,3
DA:33,1
DA:34,1
DA:37,3
DA:41,11
DA:42,2
DA:45,9
DA:47,9
DA:52,1
DA:60,49
DA:70,1
DA:86,1
LF:28
LH:24
BRDA:6,0,0,7
BRDA:6,0,1,3
BRDA:12,1,0,0
BRDA:12,1,1,3
BRDA:19,2,0,2
BRDA:19,2,1,1
BRDA:41,3,0,2
BRDA:41,3,1,9
BRDA:41,4,0,11
BRDA:41,4,1,10
BRDA:60,5,0,46
BRDA:60,5,1,3
BRDA:65,6,0,9
BRDA:65,6,1,37
BRDA:69,7,0,9
BRDA:69,7,1,37
BRF:16
BRH:15
end_of_record
TN:
SF:src\components\PropertyCard.js
FN:6,formatPrice
FN:18,PropertyCard
FN:28,(anonymous_2)
FN:37,(anonymous_3)
FNF:4
FNH:4
FNDA:9,formatPrice
FNDA:9,PropertyCard
FNDA:2,(anonymous_2)
FNDA:1,(anonymous_3)
DA:7,9
DA:8,1
DA:11,8
DA:26,9
DA:28,9
DA:29,2
DA:30,1
DA:31,1
DA:34,1
DA:37,9
DA:39,1
DA:40,1
DA:43,9
DA:97,1
LF:14
LH:14
BRDA:7,0,0,1
BRDA:7,0,1,8
BRDA:7,1,0,9
BRDA:7,1,1,9
BRDA:29,2,0,1
BRDA:29,2,1,1
BRDA:51,3,0,9
BRDA:51,3,1,1
BRDA:54,4,0,9
BRDA:54,4,1,2
BRDA:57,5,0,1
BRDA:57,5,1,1
BRDA:59,6,0,1
BRDA:59,6,1,1
BRDA:61,7,0,1
BRDA:61,7,1,1
BRDA:65,8,0,9
BRDA:65,8,1,2
BRDA:68,9,0,1
BRDA:68,9,1,1
BRDA:78,10,0,9
BRDA:78,10,1,1
BRDA:85,11,0,9
BRDA:85,11,1,1
BRDA:88,12,0,9
BRDA:88,12,1,1
BRDA:89,13,0,9
BRDA:89,13,1,1
BRDA:90,14,0,9
BRDA:90,14,1,1
BRF:30
BRH:30
end_of_record
TN:
SF:src\components\PropertyFilters.js
FN:17,PropertyFilters
FN:20,handleChange
FN:24,(anonymous_2)
FN:27,handleSubmit
FN:32,handleClear
FN:102,(anonymous_5)
FN:119,(anonymous_6)
FNF:7
FNH:7
FNDA:11,PropertyFilters
FNDA:5,handleChange
FNDA:5,(anonymous_2)
FNDA:1,handleSubmit
FNDA:1,handleClear
FNDA:55,(anonymous_5)
FNDA:55,(anonymous_6)
DA:4,1
DA:5,1
DA:8,1
DA:18,11
DA:21,5
DA:24,5
DA:28,1
DA:29,1
DA:33,1
DA:34,1
DA:37,11
DA:103,55
DA:120,55
LF:13
LH:13
BRF:0
BRH:0
end_of_record
