<?xml version="1.0" encoding="UTF-8"?>
<coverage generated="1788156485815" clover="3.2.0">
  <project timestamp="1788156485815" name="All files">
    <metrics statements="94" coveredstatements="90" conditionals="49" coveredconditionals="45" methods="7" coveredmethods="7" elements="150" coveredelements="142" complexity="0" loc="94" ncloc="94" packages="1" files="1" classes="1"/>
    <file name="properties.js" path="C:\Ngoc\PROJECT\IDX Exchange SDE Intern Summer 2026\idx-exchange-sde-intern\backend\server\routes\properties.js">
      <metrics statements="94" coveredstatements="90" conditionals="49" coveredconditionals="45" methods="7" coveredmethods="7"/>
      <line num="1" count="1" type="stmt"/>
      <line num="2" count="1" type="stmt"/>
      <line num="3" count="1" type="stmt"/>
      <line num="5" count="1" type="stmt"/>
      <line num="6" count="1" type="stmt"/>
      <line num="9" count="49" type="cond" truecount="4" falsecount="0"/>
      <line num="10" count="24" type="stmt"/>
      <line num="12" count="25" type="stmt"/>
      <line num="13" count="25" type="cond" truecount="5" falsecount="0"/>
      <line num="14" count="3" type="stmt"/>
      <line num="17" count="3" type="stmt"/>
      <line num="18" count="3" type="stmt"/>
      <line num="20" count="22" type="stmt"/>
      <line num="24" count="17" type="cond" truecount="2" falsecount="0"/>
      <line num="25" count="14" type="stmt"/>
      <line num="27" count="3" type="stmt"/>
      <line num="28" count="3" type="cond" truecount="2" falsecount="0"/>
      <line num="29" count="1" type="stmt"/>
      <line num="30" count="1" type="stmt"/>
      <line num="31" count="1" type="stmt"/>
      <line num="33" count="2" type="stmt"/>
      <line num="37" count="9" type="stmt"/>
      <line num="38" count="9" type="stmt"/>
      <line num="40" count="9" type="stmt"/>
      <line num="41" count="8" type="stmt"/>
      <line num="42" count="8" type="stmt"/>
      <line num="43" count="7" type="stmt"/>
      <line num="44" count="7" type="stmt"/>
      <line num="45" count="7" type="stmt"/>
      <line num="47" count="7" type="cond" truecount="2" falsecount="0"/>
      <line num="48" count="1" type="stmt"/>
      <line num="49" count="1" type="stmt"/>
      <line num="51" count="7" type="cond" truecount="2" falsecount="0"/>
      <line num="52" count="1" type="stmt"/>
      <line num="53" count="1" type="stmt"/>
      <line num="55" count="7" type="cond" truecount="2" falsecount="0"/>
      <line num="56" count="1" type="stmt"/>
      <line num="57" count="1" type="stmt"/>
      <line num="59" count="7" type="cond" truecount="2" falsecount="0"/>
      <line num="60" count="1" type="stmt"/>
      <line num="61" count="1" type="stmt"/>
      <line num="63" count="7" type="cond" truecount="2" falsecount="0"/>
      <line num="64" count="1" type="stmt"/>
      <line num="65" count="1" type="stmt"/>
      <line num="67" count="7" type="cond" truecount="2" falsecount="0"/>
      <line num="68" count="1" type="stmt"/>
      <line num="69" count="1" type="stmt"/>
      <line num="72" count="7" type="stmt"/>
      <line num="78" count="1" type="stmt"/>
      <line num="79" count="1" type="stmt"/>
      <line num="82" count="8" type="cond" truecount="5" falsecount="0"/>
      <line num="83" count="3" type="stmt"/>
      <line num="86" count="3" type="stmt"/>
      <line num="87" count="3" type="stmt"/>
      <line num="89" count="5" type="stmt"/>
      <line num="93" count="1" type="stmt"/>
      <line num="94" count="11" type="stmt"/>
      <line num="95" count="11" type="cond" truecount="2" falsecount="0"/>
      <line num="99" count="9" type="cond" truecount="2" falsecount="0"/>
      <line num="100" count="9" type="stmt"/>
      <line num="103" count="7" type="cond" truecount="2" falsecount="0"/>
      <line num="105" count="7" type="stmt"/>
      <line num="110" count="7" type="stmt"/>
      <line num="117" count="7" type="stmt"/>
      <line num="118" count="6" type="stmt"/>
      <line num="120" count="6" type="stmt"/>
      <line num="127" count="5" type="cond" truecount="2" falsecount="0"/>
      <line num="128" count="4" type="stmt"/>
      <line num="130" count="1" type="stmt"/>
      <line num="131" count="1" type="stmt"/>
      <line num="138" count="1" type="stmt"/>
      <line num="139" count="4" type="stmt"/>
      <line num="140" count="4" type="stmt"/>
      <line num="142" count="3" type="stmt"/>
      <line num="147" count="3" type="cond" truecount="2" falsecount="0"/>
      <line num="148" count="1" type="stmt"/>
      <line num="153" count="2" type="stmt"/>
      <line num="161" count="2" type="stmt"/>
      <line num="163" count="1" type="cond" truecount="1" falsecount="1"/>
      <line num="164" count="1" type="stmt"/>
      <line num="166" count="0" type="stmt"/>
      <line num="170" count="0" type="stmt"/>
      <line num="177" count="1" type="stmt"/>
      <line num="178" count="4" type="stmt"/>
      <line num="179" count="4" type="stmt"/>
      <line num="181" count="2" type="stmt"/>
      <line num="186" count="2" type="cond" truecount="2" falsecount="0"/>
      <line num="187" count="1" type="stmt"/>
      <line num="192" count="1" type="stmt"/>
      <line num="194" count="2" type="cond" truecount="1" falsecount="1"/>
      <line num="195" count="2" type="stmt"/>
      <line num="197" count="0" type="stmt"/>
      <line num="198" count="0" type="stmt"/>
      <line num="202" count="1" type="stmt"/>
    </file>
  </project>
</coverage>
