<?xml version="1.0" encoding="UTF-8"?>
<coverage generated="1788161563582" clover="3.2.0">
  <project timestamp="1788161563582" name="All files">
    <metrics statements="94" coveredstatements="90" conditionals="49" coveredconditionals="45" methods="7" coveredmethods="7" elements="150" coveredelements="142" complexity="0" loc="94" ncloc="94" packages="1" files="1" classes="1"/>
    <file name="properties.js" path="C:\Ngoc\PROJECT\IDX Exchange SDE Intern Summer 2026\idx-exchange-sde-intern\backend\server\routes\properties.js">
      <metrics statements="94" coveredstatements="90" conditionals="49" coveredconditionals="45" methods="7" coveredmethods="7"/>
      <line num="1" count="1" type="stmt"/>
      <line num="3" count="1" type="stmt"/>
      <line num="5" count="1" type="stmt"/>
      <line num="7" count="1" type="stmt"/>
      <line num="9" count="1" type="stmt"/>
      <line num="12" count="49" type="cond" truecount="4" falsecount="0"/>
      <line num="13" count="24" type="stmt"/>
      <line num="16" count="25" type="stmt"/>
      <line num="18" count="25" type="cond" truecount="5" falsecount="0"/>
      <line num="19" count="3" type="stmt"/>
      <line num="22" count="3" type="stmt"/>
      <line num="23" count="3" type="stmt"/>
      <line num="26" count="22" type="stmt"/>
      <line num="30" count="17" type="cond" truecount="2" falsecount="0"/>
      <line num="31" count="14" type="stmt"/>
      <line num="34" count="3" type="stmt"/>
      <line num="36" count="3" type="cond" truecount="2" falsecount="0"/>
      <line num="37" count="1" type="stmt"/>
      <line num="38" count="1" type="stmt"/>
      <line num="39" count="1" type="stmt"/>
      <line num="42" count="2" type="stmt"/>
      <line num="46" count="9" type="stmt"/>
      <line num="47" count="9" type="stmt"/>
      <line num="49" count="9" type="stmt"/>
      <line num="50" count="8" type="stmt"/>
      <line num="51" count="8" type="stmt"/>
      <line num="52" count="7" type="stmt"/>
      <line num="53" count="7" type="stmt"/>
      <line num="54" count="7" type="stmt"/>
      <line num="57" count="7" type="cond" truecount="2" falsecount="0"/>
      <line num="58" count="1" type="stmt"/>
      <line num="59" count="1" type="stmt"/>
      <line num="62" count="7" type="cond" truecount="2" falsecount="0"/>
      <line num="63" count="1" type="stmt"/>
      <line num="64" count="1" type="stmt"/>
      <line num="67" count="7" type="cond" truecount="2" falsecount="0"/>
      <line num="68" count="1" type="stmt"/>
      <line num="69" count="1" type="stmt"/>
      <line num="72" count="7" type="cond" truecount="2" falsecount="0"/>
      <line num="73" count="1" type="stmt"/>
      <line num="74" count="1" type="stmt"/>
      <line num="78" count="7" type="cond" truecount="2" falsecount="0"/>
      <line num="79" count="1" type="stmt"/>
      <line num="80" count="1" type="stmt"/>
      <line num="83" count="7" type="cond" truecount="2" falsecount="0"/>
      <line num="84" count="1" type="stmt"/>
      <line num="85" count="1" type="stmt"/>
      <line num="89" count="7" type="stmt"/>
      <line num="96" count="1" type="stmt"/>
      <line num="97" count="1" type="stmt"/>
      <line num="100" count="8" type="cond" truecount="5" falsecount="0"/>
      <line num="101" count="3" type="stmt"/>
      <line num="104" count="3" type="stmt"/>
      <line num="105" count="3" type="stmt"/>
      <line num="108" count="5" type="stmt"/>
      <line num="112" count="1" type="stmt"/>
      <line num="113" count="11" type="stmt"/>
      <line num="114" count="11" type="stmt"/>
      <line num="123" count="9" type="cond" truecount="2" falsecount="0"/>
      <line num="127" count="9" type="stmt"/>
      <line num="130" count="7" type="cond" truecount="2" falsecount="0"/>
      <line num="132" count="7" type="stmt"/>
      <line num="138" count="7" type="stmt"/>
      <line num="145" count="7" type="stmt"/>
      <line num="146" count="6" type="stmt"/>
      <line num="148" count="6" type="stmt"/>
      <line num="155" count="5" type="cond" truecount="2" falsecount="0"/>
      <line num="156" count="4" type="stmt"/>
      <line num="159" count="1" type="stmt"/>
      <line num="160" count="1" type="stmt"/>
      <line num="168" count="1" type="stmt"/>
      <line num="169" count="4" type="stmt"/>
      <line num="170" count="4" type="stmt"/>
      <line num="172" count="3" type="stmt"/>
      <line num="177" count="3" type="cond" truecount="2" falsecount="0"/>
      <line num="178" count="1" type="stmt"/>
      <line num="183" count="2" type="stmt"/>
      <line num="191" count="2" type="stmt"/>
      <line num="193" count="1" type="cond" truecount="1" falsecount="1"/>
      <line num="194" count="1" type="stmt"/>
      <line num="197" count="0" type="stmt"/>
      <line num="202" count="0" type="stmt"/>
      <line num="210" count="1" type="stmt"/>
      <line num="211" count="4" type="stmt"/>
      <line num="212" count="4" type="stmt"/>
      <line num="214" count="2" type="stmt"/>
      <line num="219" count="2" type="cond" truecount="2" falsecount="0"/>
      <line num="220" count="1" type="stmt"/>
      <line num="225" count="1" type="stmt"/>
      <line num="227" count="2" type="cond" truecount="1" falsecount="1"/>
      <line num="228" count="2" type="stmt"/>
      <line num="231" count="0" type="stmt"/>
      <line num="232" count="0" type="stmt"/>
      <line num="236" count="1" type="stmt"/>
    </file>
  </project>
</coverage>
