{"C:\\Ngoc\\PROJECT\\IDX Exchange SDE Intern Summer 2026\\idx-exchange-sde-intern\\backend\\server\\routes\\properties.js": {"path":"C:\\Ngoc\\PROJECT\\IDX Exchange SDE Intern Summer 2026\\idx-exchange-sde-intern\\backend\\server\\routes\\properties.js","statementMap":{"0":{"start":{"line":1,"column":16},"end":{"line":1,"column":34}},"1":{"start":{"line":2,"column":13},"end":{"line":2,"column":36}},"2":{"start":{"line":3,"column":15},"end":{"line":3,"column":31}},"3":{"start":{"line":5,"column":22},"end":{"line":5,"column":24}},"4":{"start":{"line":6,"column":18},"end":{"line":6,"column":21}},"5":{"start":{"line":9,"column":2},"end":{"line":11,"column":3}},"6":{"start":{"line":10,"column":4},"end":{"line":10,"column":21}},"7":{"start":{"line":12,"column":14},"end":{"line":12,"column":27}},"8":{"start":{"line":13,"column":2},"end":{"line":19,"column":3}},"9":{"start":{"line":14,"column":16},"end":{"line":16,"column":5}},"10":{"start":{"line":17,"column":4},"end":{"line":17,"column":21}},"11":{"start":{"line":18,"column":4},"end":{"line":18,"column":14}},"12":{"start":{"line":20,"column":2},"end":{"line":20,"column":13}},"13":{"start":{"line":24,"column":2},"end":{"line":26,"column":3}},"14":{"start":{"line":25,"column":4},"end":{"line":25,"column":21}},"15":{"start":{"line":27,"column":18},"end":{"line":27,"column":38}},"16":{"start":{"line":28,"column":2},"end":{"line":32,"column":3}},"17":{"start":{"line":29,"column":16},"end":{"line":29,"column":61}},"18":{"start":{"line":30,"column":4},"end":{"line":30,"column":21}},"19":{"start":{"line":31,"column":4},"end":{"line":31,"column":14}},"20":{"start":{"line":33,"column":2},"end":{"line":33,"column":17}},"21":{"start":{"line":37,"column":21},"end":{"line":37,"column":23}},"22":{"start":{"line":38,"column":17},"end":{"line":38,"column":19}},"23":{"start":{"line":40,"column":15},"end":{"line":40,"column":54}},"24":{"start":{"line":41,"column":18},"end":{"line":41,"column":63}},"25":{"start":{"line":42,"column":19},"end":{"line":42,"column":75}},"26":{"start":{"line":43,"column":19},"end":{"line":43,"column":75}},"27":{"start":{"line":44,"column":15},"end":{"line":44,"column":63}},"28":{"start":{"line":45,"column":16},"end":{"line":45,"column":66}},"29":{"start":{"line":47,"column":2},"end":{"line":50,"column":3}},"30":{"start":{"line":48,"column":4},"end":{"line":48,"column":56}},"31":{"start":{"line":49,"column":4},"end":{"line":49,"column":22}},"32":{"start":{"line":51,"column":2},"end":{"line":54,"column":3}},"33":{"start":{"line":52,"column":4},"end":{"line":52,"column":33}},"34":{"start":{"line":53,"column":4},"end":{"line":53,"column":25}},"35":{"start":{"line":55,"column":2},"end":{"line":58,"column":3}},"36":{"start":{"line":56,"column":4},"end":{"line":56,"column":42}},"37":{"start":{"line":57,"column":4},"end":{"line":57,"column":26}},"38":{"start":{"line":59,"column":2},"end":{"line":62,"column":3}},"39":{"start":{"line":60,"column":4},"end":{"line":60,"column":42}},"40":{"start":{"line":61,"column":4},"end":{"line":61,"column":26}},"41":{"start":{"line":63,"column":2},"end":{"line":66,"column":3}},"42":{"start":{"line":64,"column":4},"end":{"line":64,"column":39}},"43":{"start":{"line":65,"column":4},"end":{"line":65,"column":22}},"44":{"start":{"line":67,"column":2},"end":{"line":70,"column":3}},"45":{"start":{"line":68,"column":4},"end":{"line":68,"column":37}},"46":{"start":{"line":69,"column":4},"end":{"line":69,"column":23}},"47":{"start":{"line":72,"column":2},"end":{"line":72,"column":32}},"48":{"start":{"line":78,"column":22},"end":{"line":78,"column":24}},"49":{"start":{"line":79,"column":19},"end":{"line":79,"column":37}},"50":{"start":{"line":82,"column":2},"end":{"line":88,"column":3}},"51":{"start":{"line":83,"column":16},"end":{"line":85,"column":5}},"52":{"start":{"line":86,"column":4},"end":{"line":86,"column":21}},"53":{"start":{"line":87,"column":4},"end":{"line":87,"column":14}},"54":{"start":{"line":89,"column":2},"end":{"line":89,"column":15}},"55":{"start":{"line":93,"column":0},"end":{"line":133,"column":3}},"56":{"start":{"line":94,"column":2},"end":{"line":132,"column":3}},"57":{"start":{"line":95,"column":18},"end":{"line":98,"column":6}},"58":{"start":{"line":99,"column":19},"end":{"line":99,"column":82}},"59":{"start":{"line":100,"column":35},"end":{"line":100,"column":58}},"60":{"start":{"line":103,"column":6},"end":{"line":103,"column":70}},"61":{"start":{"line":105,"column":21},"end":{"line":109,"column":5}},"62":{"start":{"line":110,"column":20},"end":{"line":115,"column":5}},"63":{"start":{"line":117,"column":26},"end":{"line":117,"column":60}},"64":{"start":{"line":118,"column":22},"end":{"line":118,"column":75}},"65":{"start":{"line":120,"column":4},"end":{"line":125,"column":7}},"66":{"start":{"line":127,"column":4},"end":{"line":129,"column":5}},"67":{"start":{"line":128,"column":6},"end":{"line":128,"column":58}},"68":{"start":{"line":130,"column":4},"end":{"line":130,"column":54}},"69":{"start":{"line":131,"column":4},"end":{"line":131,"column":68}},"70":{"start":{"line":138,"column":0},"end":{"line":172,"column":3}},"71":{"start":{"line":139,"column":2},"end":{"line":171,"column":3}},"72":{"start":{"line":140,"column":15},"end":{"line":140,"column":47}},"73":{"start":{"line":142,"column":27},"end":{"line":145,"column":5}},"74":{"start":{"line":147,"column":4},"end":{"line":151,"column":5}},"75":{"start":{"line":148,"column":6},"end":{"line":150,"column":63}},"76":{"start":{"line":153,"column":21},"end":{"line":159,"column":5}},"77":{"start":{"line":161,"column":4},"end":{"line":161,"column":32}},"78":{"start":{"line":163,"column":4},"end":{"line":165,"column":5}},"79":{"start":{"line":164,"column":6},"end":{"line":164,"column":58}},"80":{"start":{"line":166,"column":4},"end":{"line":169,"column":6}},"81":{"start":{"line":170,"column":4},"end":{"line":170,"column":68}},"82":{"start":{"line":177,"column":0},"end":{"line":200,"column":3}},"83":{"start":{"line":178,"column":2},"end":{"line":199,"column":3}},"84":{"start":{"line":179,"column":15},"end":{"line":179,"column":47}},"85":{"start":{"line":181,"column":19},"end":{"line":184,"column":5}},"86":{"start":{"line":186,"column":4},"end":{"line":190,"column":5}},"87":{"start":{"line":187,"column":6},"end":{"line":189,"column":63}},"88":{"start":{"line":192,"column":4},"end":{"line":192,"column":29}},"89":{"start":{"line":194,"column":4},"end":{"line":196,"column":5}},"90":{"start":{"line":195,"column":6},"end":{"line":195,"column":58}},"91":{"start":{"line":197,"column":4},"end":{"line":197,"column":71}},"92":{"start":{"line":198,"column":4},"end":{"line":198,"column":68}},"93":{"start":{"line":202,"column":0},"end":{"line":202,"column":24}}},"fnMap":{"0":{"name":"parsePositiveInt","decl":{"start":{"line":8,"column":9},"end":{"line":8,"column":25}},"loc":{"start":{"line":8,"column":73},"end":{"line":21,"column":1}},"line":8},"1":{"name":"parseNonEmptyString","decl":{"start":{"line":23,"column":9},"end":{"line":23,"column":28}},"loc":{"start":{"line":23,"column":42},"end":{"line":34,"column":1}},"line":23},"2":{"name":"buildFilters","decl":{"start":{"line":36,"column":9},"end":{"line":36,"column":21}},"loc":{"start":{"line":36,"column":29},"end":{"line":73,"column":1}},"line":36},"3":{"name":"validateListingId","decl":{"start":{"line":81,"column":9},"end":{"line":81,"column":26}},"loc":{"start":{"line":81,"column":34},"end":{"line":90,"column":1}},"line":81},"4":{"name":"(anonymous_4)","decl":{"start":{"line":93,"column":16},"end":{"line":93,"column":17}},"loc":{"start":{"line":93,"column":36},"end":{"line":133,"column":1}},"line":93},"5":{"name":"(anonymous_5)","decl":{"start":{"line":138,"column":30},"end":{"line":138,"column":31}},"loc":{"start":{"line":138,"column":50},"end":{"line":172,"column":1}},"line":138},"6":{"name":"(anonymous_6)","decl":{"start":{"line":177,"column":19},"end":{"line":177,"column":20}},"loc":{"start":{"line":177,"column":39},"end":{"line":200,"column":1}},"line":177}},"branchMap":{"0":{"loc":{"start":{"line":8,"column":39},"end":{"line":8,"column":71}},"type":"default-arg","locations":[{"start":{"line":8,"column":69},"end":{"line":8,"column":71}}],"line":8},"1":{"loc":{"start":{"line":8,"column":41},"end":{"line":8,"column":48}},"type":"default-arg","locations":[{"start":{"line":8,"column":47},"end":{"line":8,"column":48}}],"line":8},"2":{"loc":{"start":{"line":8,"column":50},"end":{"line":8,"column":64}},"type":"default-arg","locations":[{"start":{"line":8,"column":56},"end":{"line":8,"column":64}}],"line":8},"3":{"loc":{"start":{"line":9,"column":2},"end":{"line":11,"column":3}},"type":"if","locations":[{"start":{"line":9,"column":2},"end":{"line":11,"column":3}},{"start":{},"end":{}}],"line":9},"4":{"loc":{"start":{"line":9,"column":6},"end":{"line":9,"column":41}},"type":"binary-expr","locations":[{"start":{"line":9,"column":6},"end":{"line":9,"column":25}},{"start":{"line":9,"column":29},"end":{"line":9,"column":41}}],"line":9},"5":{"loc":{"start":{"line":13,"column":2},"end":{"line":19,"column":3}},"type":"if","locations":[{"start":{"line":13,"column":2},"end":{"line":19,"column":3}},{"start":{},"end":{}}],"line":13},"6":{"loc":{"start":{"line":13,"column":6},"end":{"line":13,"column":54}},"type":"binary-expr","locations":[{"start":{"line":13,"column":6},"end":{"line":13,"column":28}},{"start":{"line":13,"column":32},"end":{"line":13,"column":41}},{"start":{"line":13,"column":45},"end":{"line":13,"column":54}}],"line":13},"7":{"loc":{"start":{"line":24,"column":2},"end":{"line":26,"column":3}},"type":"if","locations":[{"start":{"line":24,"column":2},"end":{"line":26,"column":3}},{"start":{},"end":{}}],"line":24},"8":{"loc":{"start":{"line":28,"column":2},"end":{"line":32,"column":3}},"type":"if","locations":[{"start":{"line":28,"column":2},"end":{"line":32,"column":3}},{"start":{},"end":{}}],"line":28},"9":{"loc":{"start":{"line":47,"column":2},"end":{"line":50,"column":3}},"type":"if","locations":[{"start":{"line":47,"column":2},"end":{"line":50,"column":3}},{"start":{},"end":{}}],"line":47},"10":{"loc":{"start":{"line":51,"column":2},"end":{"line":54,"column":3}},"type":"if","locations":[{"start":{"line":51,"column":2},"end":{"line":54,"column":3}},{"start":{},"end":{}}],"line":51},"11":{"loc":{"start":{"line":55,"column":2},"end":{"line":58,"column":3}},"type":"if","locations":[{"start":{"line":55,"column":2},"end":{"line":58,"column":3}},{"start":{},"end":{}}],"line":55},"12":{"loc":{"start":{"line":59,"column":2},"end":{"line":62,"column":3}},"type":"if","locations":[{"start":{"line":59,"column":2},"end":{"line":62,"column":3}},{"start":{},"end":{}}],"line":59},"13":{"loc":{"start":{"line":63,"column":2},"end":{"line":66,"column":3}},"type":"if","locations":[{"start":{"line":63,"column":2},"end":{"line":66,"column":3}},{"start":{},"end":{}}],"line":63},"14":{"loc":{"start":{"line":67,"column":2},"end":{"line":70,"column":3}},"type":"if","locations":[{"start":{"line":67,"column":2},"end":{"line":70,"column":3}},{"start":{},"end":{}}],"line":67},"15":{"loc":{"start":{"line":82,"column":2},"end":{"line":88,"column":3}},"type":"if","locations":[{"start":{"line":82,"column":2},"end":{"line":88,"column":3}},{"start":{},"end":{}}],"line":82},"16":{"loc":{"start":{"line":82,"column":6},"end":{"line":82,"column":71}},"type":"binary-expr","locations":[{"start":{"line":82,"column":6},"end":{"line":82,"column":12}},{"start":{"line":82,"column":16},"end":{"line":82,"column":44}},{"start":{"line":82,"column":48},"end":{"line":82,"column":71}}],"line":82},"17":{"loc":{"start":{"line":95,"column":35},"end":{"line":95,"column":75}},"type":"binary-expr","locations":[{"start":{"line":95,"column":35},"end":{"line":95,"column":50}},{"start":{"line":95,"column":54},"end":{"line":95,"column":75}}],"line":95},"18":{"loc":{"start":{"line":99,"column":36},"end":{"line":99,"column":59}},"type":"binary-expr","locations":[{"start":{"line":99,"column":36},"end":{"line":99,"column":52}},{"start":{"line":99,"column":56},"end":{"line":99,"column":59}}],"line":99},"19":{"loc":{"start":{"line":103,"column":6},"end":{"line":103,"column":70}},"type":"cond-expr","locations":[{"start":{"line":103,"column":30},"end":{"line":103,"column":65}},{"start":{"line":103,"column":68},"end":{"line":103,"column":70}}],"line":103},"20":{"loc":{"start":{"line":127,"column":4},"end":{"line":129,"column":5}},"type":"if","locations":[{"start":{"line":127,"column":4},"end":{"line":129,"column":5}},{"start":{},"end":{}}],"line":127},"21":{"loc":{"start":{"line":147,"column":4},"end":{"line":151,"column":5}},"type":"if","locations":[{"start":{"line":147,"column":4},"end":{"line":151,"column":5}},{"start":{},"end":{}}],"line":147},"22":{"loc":{"start":{"line":163,"column":4},"end":{"line":165,"column":5}},"type":"if","locations":[{"start":{"line":163,"column":4},"end":{"line":165,"column":5}},{"start":{},"end":{}}],"line":163},"23":{"loc":{"start":{"line":186,"column":4},"end":{"line":190,"column":5}},"type":"if","locations":[{"start":{"line":186,"column":4},"end":{"line":190,"column":5}},{"start":{},"end":{}}],"line":186},"24":{"loc":{"start":{"line":194,"column":4},"end":{"line":196,"column":5}},"type":"if","locations":[{"start":{"line":194,"column":4},"end":{"line":196,"column":5}},{"start":{},"end":{}}],"line":194}},"s":{"0":1,"1":1,"2":1,"3":1,"4":1,"5":49,"6":24,"7":25,"8":25,"9":3,"10":3,"11":3,"12":22,"13":17,"14":14,"15":3,"16":3,"17":1,"18":1,"19":1,"20":2,"21":9,"22":9,"23":9,"24":8,"25":8,"26":7,"27":7,"28":7,"29":7,"30":1,"31":1,"32":7,"33":1,"34":1,"35":7,"36":1,"37":1,"38":7,"39":1,"40":1,"41":7,"42":1,"43":1,"44":7,"45":1,"46":1,"47":7,"48":1,"49":1,"50":8,"51":3,"52":3,"53":3,"54":5,"55":1,"56":11,"57":11,"58":9,"59":9,"60":7,"61":7,"62":7,"63":7,"64":6,"65":6,"66":5,"67":4,"68":1,"69":1,"70":1,"71":4,"72":4,"73":3,"74":3,"75":1,"76":2,"77":2,"78":1,"79":1,"80":0,"81":0,"82":1,"83":4,"84":4,"85":2,"86":2,"87":1,"88":1,"89":2,"90":2,"91":0,"92":0,"93":1},"f":{"0":49,"1":17,"2":9,"3":8,"4":11,"5":4,"6":4},"b":{"0":[0],"1":[0],"2":[38],"3":[24,25],"4":[49,25],"5":[3,22],"6":[25,24,23],"7":[14,3],"8":[1,2],"9":[1,6],"10":[1,6],"11":[1,6],"12":[1,6],"13":[1,6],"14":[1,6],"15":[3,5],"16":[8,8,7],"17":[11,8],"18":[9,8],"19":[4,3],"20":[4,1],"21":[1,2],"22":[1,0],"23":[1,1],"24":[2,0]},"_coverageSchema":"1a1c01bbd47fc00a2c39e90264f33305004495a9","hash":"cfd6ccee1366176cac6cd901074ee35bcd41a893"}
}
