{"C:\\Ngoc\\PROJECT\\IDX Exchange SDE Intern Summer 2026\\idx-exchange-sde-intern\\backend\\server\\routes\\properties.js": {"path":"C:\\Ngoc\\PROJECT\\IDX Exchange SDE Intern Summer 2026\\idx-exchange-sde-intern\\backend\\server\\routes\\properties.js","statementMap":{"0":{"start":{"line":1,"column":16},"end":{"line":1,"column":34}},"1":{"start":{"line":3,"column":13},"end":{"line":3,"column":36}},"2":{"start":{"line":5,"column":15},"end":{"line":5,"column":31}},"3":{"start":{"line":7,"column":22},"end":{"line":7,"column":24}},"4":{"start":{"line":9,"column":18},"end":{"line":9,"column":21}},"5":{"start":{"line":12,"column":2},"end":{"line":14,"column":3}},"6":{"start":{"line":13,"column":4},"end":{"line":13,"column":21}},"7":{"start":{"line":16,"column":14},"end":{"line":16,"column":27}},"8":{"start":{"line":18,"column":2},"end":{"line":24,"column":3}},"9":{"start":{"line":19,"column":16},"end":{"line":21,"column":5}},"10":{"start":{"line":22,"column":4},"end":{"line":22,"column":21}},"11":{"start":{"line":23,"column":4},"end":{"line":23,"column":14}},"12":{"start":{"line":26,"column":2},"end":{"line":26,"column":13}},"13":{"start":{"line":30,"column":2},"end":{"line":32,"column":3}},"14":{"start":{"line":31,"column":4},"end":{"line":31,"column":21}},"15":{"start":{"line":34,"column":18},"end":{"line":34,"column":38}},"16":{"start":{"line":36,"column":2},"end":{"line":40,"column":3}},"17":{"start":{"line":37,"column":16},"end":{"line":37,"column":61}},"18":{"start":{"line":38,"column":4},"end":{"line":38,"column":21}},"19":{"start":{"line":39,"column":4},"end":{"line":39,"column":14}},"20":{"start":{"line":42,"column":2},"end":{"line":42,"column":17}},"21":{"start":{"line":46,"column":21},"end":{"line":46,"column":23}},"22":{"start":{"line":47,"column":17},"end":{"line":47,"column":19}},"23":{"start":{"line":49,"column":15},"end":{"line":49,"column":54}},"24":{"start":{"line":50,"column":18},"end":{"line":50,"column":63}},"25":{"start":{"line":51,"column":19},"end":{"line":51,"column":75}},"26":{"start":{"line":52,"column":19},"end":{"line":52,"column":75}},"27":{"start":{"line":53,"column":15},"end":{"line":53,"column":63}},"28":{"start":{"line":54,"column":16},"end":{"line":54,"column":66}},"29":{"start":{"line":57,"column":2},"end":{"line":60,"column":3}},"30":{"start":{"line":58,"column":4},"end":{"line":58,"column":56}},"31":{"start":{"line":59,"column":4},"end":{"line":59,"column":22}},"32":{"start":{"line":62,"column":2},"end":{"line":65,"column":3}},"33":{"start":{"line":63,"column":4},"end":{"line":63,"column":33}},"34":{"start":{"line":64,"column":4},"end":{"line":64,"column":25}},"35":{"start":{"line":67,"column":2},"end":{"line":70,"column":3}},"36":{"start":{"line":68,"column":4},"end":{"line":68,"column":42}},"37":{"start":{"line":69,"column":4},"end":{"line":69,"column":26}},"38":{"start":{"line":72,"column":2},"end":{"line":75,"column":3}},"39":{"start":{"line":73,"column":4},"end":{"line":73,"column":42}},"40":{"start":{"line":74,"column":4},"end":{"line":74,"column":26}},"41":{"start":{"line":78,"column":2},"end":{"line":81,"column":3}},"42":{"start":{"line":79,"column":4},"end":{"line":79,"column":39}},"43":{"start":{"line":80,"column":4},"end":{"line":80,"column":22}},"44":{"start":{"line":83,"column":2},"end":{"line":86,"column":3}},"45":{"start":{"line":84,"column":4},"end":{"line":84,"column":37}},"46":{"start":{"line":85,"column":4},"end":{"line":85,"column":23}},"47":{"start":{"line":89,"column":2},"end":{"line":89,"column":32}},"48":{"start":{"line":96,"column":22},"end":{"line":96,"column":24}},"49":{"start":{"line":97,"column":19},"end":{"line":97,"column":37}},"50":{"start":{"line":100,"column":2},"end":{"line":106,"column":3}},"51":{"start":{"line":101,"column":16},"end":{"line":103,"column":5}},"52":{"start":{"line":104,"column":4},"end":{"line":104,"column":21}},"53":{"start":{"line":105,"column":4},"end":{"line":105,"column":14}},"54":{"start":{"line":108,"column":2},"end":{"line":108,"column":15}},"55":{"start":{"line":112,"column":0},"end":{"line":162,"column":3}},"56":{"start":{"line":113,"column":2},"end":{"line":161,"column":3}},"57":{"start":{"line":114,"column":18},"end":{"line":121,"column":5}},"58":{"start":{"line":123,"column":19},"end":{"line":125,"column":6}},"59":{"start":{"line":127,"column":35},"end":{"line":127,"column":58}},"60":{"start":{"line":130,"column":6},"end":{"line":130,"column":70}},"61":{"start":{"line":132,"column":21},"end":{"line":136,"column":5}},"62":{"start":{"line":138,"column":20},"end":{"line":143,"column":5}},"63":{"start":{"line":145,"column":26},"end":{"line":145,"column":60}},"64":{"start":{"line":146,"column":22},"end":{"line":146,"column":75}},"65":{"start":{"line":148,"column":4},"end":{"line":153,"column":7}},"66":{"start":{"line":155,"column":4},"end":{"line":157,"column":5}},"67":{"start":{"line":156,"column":6},"end":{"line":156,"column":58}},"68":{"start":{"line":159,"column":4},"end":{"line":159,"column":54}},"69":{"start":{"line":160,"column":4},"end":{"line":160,"column":68}},"70":{"start":{"line":168,"column":0},"end":{"line":204,"column":3}},"71":{"start":{"line":169,"column":2},"end":{"line":203,"column":3}},"72":{"start":{"line":170,"column":15},"end":{"line":170,"column":47}},"73":{"start":{"line":172,"column":27},"end":{"line":175,"column":5}},"74":{"start":{"line":177,"column":4},"end":{"line":181,"column":5}},"75":{"start":{"line":178,"column":6},"end":{"line":180,"column":63}},"76":{"start":{"line":183,"column":25},"end":{"line":189,"column":5}},"77":{"start":{"line":191,"column":4},"end":{"line":191,"column":32}},"78":{"start":{"line":193,"column":4},"end":{"line":195,"column":5}},"79":{"start":{"line":194,"column":6},"end":{"line":194,"column":58}},"80":{"start":{"line":197,"column":4},"end":{"line":200,"column":6}},"81":{"start":{"line":202,"column":4},"end":{"line":202,"column":68}},"82":{"start":{"line":210,"column":0},"end":{"line":234,"column":3}},"83":{"start":{"line":211,"column":2},"end":{"line":233,"column":3}},"84":{"start":{"line":212,"column":15},"end":{"line":212,"column":47}},"85":{"start":{"line":214,"column":19},"end":{"line":217,"column":5}},"86":{"start":{"line":219,"column":4},"end":{"line":223,"column":5}},"87":{"start":{"line":220,"column":6},"end":{"line":222,"column":63}},"88":{"start":{"line":225,"column":4},"end":{"line":225,"column":29}},"89":{"start":{"line":227,"column":4},"end":{"line":229,"column":5}},"90":{"start":{"line":228,"column":6},"end":{"line":228,"column":58}},"91":{"start":{"line":231,"column":4},"end":{"line":231,"column":71}},"92":{"start":{"line":232,"column":4},"end":{"line":232,"column":68}},"93":{"start":{"line":236,"column":0},"end":{"line":236,"column":24}}},"fnMap":{"0":{"name":"parsePositiveInt","decl":{"start":{"line":11,"column":9},"end":{"line":11,"column":25}},"loc":{"start":{"line":11,"column":73},"end":{"line":27,"column":1}},"line":11},"1":{"name":"parseNonEmptyString","decl":{"start":{"line":29,"column":9},"end":{"line":29,"column":28}},"loc":{"start":{"line":29,"column":42},"end":{"line":43,"column":1}},"line":29},"2":{"name":"buildFilters","decl":{"start":{"line":45,"column":9},"end":{"line":45,"column":21}},"loc":{"start":{"line":45,"column":29},"end":{"line":90,"column":1}},"line":45},"3":{"name":"validateListingId","decl":{"start":{"line":99,"column":9},"end":{"line":99,"column":26}},"loc":{"start":{"line":99,"column":34},"end":{"line":109,"column":1}},"line":99},"4":{"name":"(anonymous_4)","decl":{"start":{"line":112,"column":16},"end":{"line":112,"column":17}},"loc":{"start":{"line":112,"column":36},"end":{"line":162,"column":1}},"line":112},"5":{"name":"(anonymous_5)","decl":{"start":{"line":168,"column":30},"end":{"line":168,"column":31}},"loc":{"start":{"line":168,"column":50},"end":{"line":204,"column":1}},"line":168},"6":{"name":"(anonymous_6)","decl":{"start":{"line":210,"column":19},"end":{"line":210,"column":20}},"loc":{"start":{"line":210,"column":39},"end":{"line":234,"column":1}},"line":210}},"branchMap":{"0":{"loc":{"start":{"line":11,"column":39},"end":{"line":11,"column":71}},"type":"default-arg","locations":[{"start":{"line":11,"column":69},"end":{"line":11,"column":71}}],"line":11},"1":{"loc":{"start":{"line":11,"column":41},"end":{"line":11,"column":48}},"type":"default-arg","locations":[{"start":{"line":11,"column":47},"end":{"line":11,"column":48}}],"line":11},"2":{"loc":{"start":{"line":11,"column":50},"end":{"line":11,"column":64}},"type":"default-arg","locations":[{"start":{"line":11,"column":56},"end":{"line":11,"column":64}}],"line":11},"3":{"loc":{"start":{"line":12,"column":2},"end":{"line":14,"column":3}},"type":"if","locations":[{"start":{"line":12,"column":2},"end":{"line":14,"column":3}},{"start":{},"end":{}}],"line":12},"4":{"loc":{"start":{"line":12,"column":6},"end":{"line":12,"column":41}},"type":"binary-expr","locations":[{"start":{"line":12,"column":6},"end":{"line":12,"column":25}},{"start":{"line":12,"column":29},"end":{"line":12,"column":41}}],"line":12},"5":{"loc":{"start":{"line":18,"column":2},"end":{"line":24,"column":3}},"type":"if","locations":[{"start":{"line":18,"column":2},"end":{"line":24,"column":3}},{"start":{},"end":{}}],"line":18},"6":{"loc":{"start":{"line":18,"column":6},"end":{"line":18,"column":54}},"type":"binary-expr","locations":[{"start":{"line":18,"column":6},"end":{"line":18,"column":28}},{"start":{"line":18,"column":32},"end":{"line":18,"column":41}},{"start":{"line":18,"column":45},"end":{"line":18,"column":54}}],"line":18},"7":{"loc":{"start":{"line":30,"column":2},"end":{"line":32,"column":3}},"type":"if","locations":[{"start":{"line":30,"column":2},"end":{"line":32,"column":3}},{"start":{},"end":{}}],"line":30},"8":{"loc":{"start":{"line":36,"column":2},"end":{"line":40,"column":3}},"type":"if","locations":[{"start":{"line":36,"column":2},"end":{"line":40,"column":3}},{"start":{},"end":{}}],"line":36},"9":{"loc":{"start":{"line":57,"column":2},"end":{"line":60,"column":3}},"type":"if","locations":[{"start":{"line":57,"column":2},"end":{"line":60,"column":3}},{"start":{},"end":{}}],"line":57},"10":{"loc":{"start":{"line":62,"column":2},"end":{"line":65,"column":3}},"type":"if","locations":[{"start":{"line":62,"column":2},"end":{"line":65,"column":3}},{"start":{},"end":{}}],"line":62},"11":{"loc":{"start":{"line":67,"column":2},"end":{"line":70,"column":3}},"type":"if","locations":[{"start":{"line":67,"column":2},"end":{"line":70,"column":3}},{"start":{},"end":{}}],"line":67},"12":{"loc":{"start":{"line":72,"column":2},"end":{"line":75,"column":3}},"type":"if","locations":[{"start":{"line":72,"column":2},"end":{"line":75,"column":3}},{"start":{},"end":{}}],"line":72},"13":{"loc":{"start":{"line":78,"column":2},"end":{"line":81,"column":3}},"type":"if","locations":[{"start":{"line":78,"column":2},"end":{"line":81,"column":3}},{"start":{},"end":{}}],"line":78},"14":{"loc":{"start":{"line":83,"column":2},"end":{"line":86,"column":3}},"type":"if","locations":[{"start":{"line":83,"column":2},"end":{"line":86,"column":3}},{"start":{},"end":{}}],"line":83},"15":{"loc":{"start":{"line":100,"column":2},"end":{"line":106,"column":3}},"type":"if","locations":[{"start":{"line":100,"column":2},"end":{"line":106,"column":3}},{"start":{},"end":{}}],"line":100},"16":{"loc":{"start":{"line":100,"column":6},"end":{"line":100,"column":71}},"type":"binary-expr","locations":[{"start":{"line":100,"column":6},"end":{"line":100,"column":12}},{"start":{"line":100,"column":16},"end":{"line":100,"column":44}},{"start":{"line":100,"column":48},"end":{"line":100,"column":71}}],"line":100},"17":{"loc":{"start":{"line":115,"column":6},"end":{"line":115,"column":46}},"type":"binary-expr","locations":[{"start":{"line":115,"column":6},"end":{"line":115,"column":21}},{"start":{"line":115,"column":25},"end":{"line":115,"column":46}}],"line":115},"18":{"loc":{"start":{"line":123,"column":36},"end":{"line":123,"column":59}},"type":"binary-expr","locations":[{"start":{"line":123,"column":36},"end":{"line":123,"column":52}},{"start":{"line":123,"column":56},"end":{"line":123,"column":59}}],"line":123},"19":{"loc":{"start":{"line":130,"column":6},"end":{"line":130,"column":70}},"type":"cond-expr","locations":[{"start":{"line":130,"column":30},"end":{"line":130,"column":65}},{"start":{"line":130,"column":68},"end":{"line":130,"column":70}}],"line":130},"20":{"loc":{"start":{"line":155,"column":4},"end":{"line":157,"column":5}},"type":"if","locations":[{"start":{"line":155,"column":4},"end":{"line":157,"column":5}},{"start":{},"end":{}}],"line":155},"21":{"loc":{"start":{"line":177,"column":4},"end":{"line":181,"column":5}},"type":"if","locations":[{"start":{"line":177,"column":4},"end":{"line":181,"column":5}},{"start":{},"end":{}}],"line":177},"22":{"loc":{"start":{"line":193,"column":4},"end":{"line":195,"column":5}},"type":"if","locations":[{"start":{"line":193,"column":4},"end":{"line":195,"column":5}},{"start":{},"end":{}}],"line":193},"23":{"loc":{"start":{"line":219,"column":4},"end":{"line":223,"column":5}},"type":"if","locations":[{"start":{"line":219,"column":4},"end":{"line":223,"column":5}},{"start":{},"end":{}}],"line":219},"24":{"loc":{"start":{"line":227,"column":4},"end":{"line":229,"column":5}},"type":"if","locations":[{"start":{"line":227,"column":4},"end":{"line":229,"column":5}},{"start":{},"end":{}}],"line":227}},"s":{"0":1,"1":1,"2":1,"3":1,"4":1,"5":49,"6":24,"7":25,"8":25,"9":3,"10":3,"11":3,"12":22,"13":17,"14":14,"15":3,"16":3,"17":1,"18":1,"19":1,"20":2,"21":9,"22":9,"23":9,"24":8,"25":8,"26":7,"27":7,"28":7,"29":7,"30":1,"31":1,"32":7,"33":1,"34":1,"35":7,"36":1,"37":1,"38":7,"39":1,"40":1,"41":7,"42":1,"43":1,"44":7,"45":1,"46":1,"47":7,"48":1,"49":1,"50":8,"51":3,"52":3,"53":3,"54":5,"55":1,"56":11,"57":11,"58":9,"59":9,"60":7,"61":7,"62":7,"63":7,"64":6,"65":6,"66":5,"67":4,"68":1,"69":1,"70":1,"71":4,"72":4,"73":3,"74":3,"75":1,"76":2,"77":2,"78":1,"79":1,"80":0,"81":0,"82":1,"83":4,"84":4,"85":2,"86":2,"87":1,"88":1,"89":2,"90":2,"91":0,"92":0,"93":1},"f":{"0":49,"1":17,"2":9,"3":8,"4":11,"5":4,"6":4},"b":{"0":[0],"1":[0],"2":[38],"3":[24,25],"4":[49,25],"5":[3,22],"6":[25,24,23],"7":[14,3],"8":[1,2],"9":[1,6],"10":[1,6],"11":[1,6],"12":[1,6],"13":[1,6],"14":[1,6],"15":[3,5],"16":[8,8,7],"17":[11,8],"18":[9,8],"19":[4,3],"20":[4,1],"21":[1,2],"22":[1,0],"23":[1,1],"24":[2,0]},"_coverageSchema":"1a1c01bbd47fc00a2c39e90264f33305004495a9","hash":"83266329c53c0006ef37c14a769f5107aa01a24c"}
}
