TN:
SF:server\routes\properties.js
FN:11,parsePositiveInt
FN:29,parseNonEmptyString
FN:45,buildFilters
FN:99,validateListingId
FN:112,(anonymous_4)
FN:168,(anonymous_5)
FN:210,(anonymous_6)
FNF:7
FNH:7
FNDA:49,parsePositiveInt
FNDA:17,parseNonEmptyString
FNDA:9,buildFilters
FNDA:8,validateListingId
FNDA:11,(anonymous_4)
FNDA:4,(anonymous_5)
FNDA:4,(anonymous_6)
DA:1,1
DA:3,1
DA:5,1
DA:7,1
DA:9,1
DA:12,49
DA:13,24
DA:16,25
DA:18,25
DA:19,3
DA:22,3
DA:23,3
DA:26,22
DA:30,17
DA:31,14
DA:34,3
DA:36,3
DA:37,1
DA:38,1
DA:39,1
DA:42,2
DA:46,9
DA:47,9
DA:49,9
DA:50,8
DA:51,8
DA:52,7
DA:53,7
DA:54,7
DA:57,7
DA:58,1
DA:59,1
DA:62,7
DA:63,1
DA:64,1
DA:67,7
DA:68,1
DA:69,1
DA:72,7
DA:73,1
DA:74,1
DA:78,7
DA:79,1
DA:80,1
DA:83,7
DA:84,1
DA:85,1
DA:89,7
DA:96,1
DA:97,1
DA:100,8
DA:101,3
DA:104,3
DA:105,3
DA:108,5
DA:112,1
DA:113,11
DA:114,11
DA:123,9
DA:127,9
DA:130,7
DA:132,7
DA:138,7
DA:145,7
DA:146,6
DA:148,6
DA:155,5
DA:156,4
DA:159,1
DA:160,1
DA:168,1
DA:169,4
DA:170,4
DA:172,3
DA:177,3
DA:178,1
DA:183,2
DA:191,2
DA:193,1
DA:194,1
DA:197,0
DA:202,0
DA:210,1
DA:211,4
DA:212,4
DA:214,2
DA:219,2
DA:220,1
DA:225,1
DA:227,2
DA:228,2
DA:231,0
DA:232,0
DA:236,1
LF:94
LH:90
BRDA:11,0,0,0
BRDA:11,1,0,0
BRDA:11,2,0,38
BRDA:12,3,0,24
BRDA:12,3,1,25
BRDA:12,4,0,49
BRDA:12,4,1,25
BRDA:18,5,0,3
BRDA:18,5,1,22
BRDA:18,6,0,25
BRDA:18,6,1,24
BRDA:18,6,2,23
BRDA:30,7,0,14
BRDA:30,7,1,3
BRDA:36,8,0,1
BRDA:36,8,1,2
BRDA:57,9,0,1
BRDA:57,9,1,6
BRDA:62,10,0,1
BRDA:62,10,1,6
BRDA:67,11,0,1
BRDA:67,11,1,6
BRDA:72,12,0,1
BRDA:72,12,1,6
BRDA:78,13,0,1
BRDA:78,13,1,6
BRDA:83,14,0,1
BRDA:83,14,1,6
BRDA:100,15,0,3
BRDA:100,15,1,5
BRDA:100,16,0,8
BRDA:100,16,1,8
BRDA:100,16,2,7
BRDA:115,17,0,11
BRDA:115,17,1,8
BRDA:123,18,0,9
BRDA:123,18,1,8
BRDA:130,19,0,4
BRDA:130,19,1,3
BRDA:155,20,0,4
BRDA:155,20,1,1
BRDA:177,21,0,1
BRDA:177,21,1,2
BRDA:193,22,0,1
BRDA:193,22,1,0
BRDA:219,23,0,1
BRDA:219,23,1,1
BRDA:227,24,0,2
BRDA:227,24,1,0
BRF:49
BRH:45
end_of_record
