TN:
SF:server\routes\properties.js
FN:8,parsePositiveInt
FN:23,parseNonEmptyString
FN:36,buildFilters
FN:81,validateListingId
FN:93,(anonymous_4)
FN:138,(anonymous_5)
FN:177,(anonymous_6)
FNF:7
FNH:7
FNDA:49,parsePositiveInt
FNDA:17,parseNonEmptyString
FNDA:9,buildFilters
FNDA:8,validateListingId
FNDA:11,(anonymous_4)
FNDA:4,(anonymous_5)
FNDA:4,(anonymous_6)
DA:1,1
DA:2,1
DA:3,1
DA:5,1
DA:6,1
DA:9,49
DA:10,24
DA:12,25
DA:13,25
DA:14,3
DA:17,3
DA:18,3
DA:20,22
DA:24,17
DA:25,14
DA:27,3
DA:28,3
DA:29,1
DA:30,1
DA:31,1
DA:33,2
DA:37,9
DA:38,9
DA:40,9
DA:41,8
DA:42,8
DA:43,7
DA:44,7
DA:45,7
DA:47,7
DA:48,1
DA:49,1
DA:51,7
DA:52,1
DA:53,1
DA:55,7
DA:56,1
DA:57,1
DA:59,7
DA:60,1
DA:61,1
DA:63,7
DA:64,1
DA:65,1
DA:67,7
DA:68,1
DA:69,1
DA:72,7
DA:78,1
DA:79,1
DA:82,8
DA:83,3
DA:86,3
DA:87,3
DA:89,5
DA:93,1
DA:94,11
DA:95,11
DA:99,9
DA:100,9
DA:103,7
DA:105,7
DA:110,7
DA:117,7
DA:118,6
DA:120,6
DA:127,5
DA:128,4
DA:130,1
DA:131,1
DA:138,1
DA:139,4
DA:140,4
DA:142,3
DA:147,3
DA:148,1
DA:153,2
DA:161,2
DA:163,1
DA:164,1
DA:166,0
DA:170,0
DA:177,1
DA:178,4
DA:179,4
DA:181,2
DA:186,2
DA:187,1
DA:192,1
DA:194,2
DA:195,2
DA:197,0
DA:198,0
DA:202,1
LF:94
LH:90
BRDA:8,0,0,0
BRDA:8,1,0,0
BRDA:8,2,0,38
BRDA:9,3,0,24
BRDA:9,3,1,25
BRDA:9,4,0,49
BRDA:9,4,1,25
BRDA:13,5,0,3
BRDA:13,5,1,22
BRDA:13,6,0,25
BRDA:13,6,1,24
BRDA:13,6,2,23
BRDA:24,7,0,14
BRDA:24,7,1,3
BRDA:28,8,0,1
BRDA:28,8,1,2
BRDA:47,9,0,1
BRDA:47,9,1,6
BRDA:51,10,0,1
BRDA:51,10,1,6
BRDA:55,11,0,1
BRDA:55,11,1,6
BRDA:59,12,0,1
BRDA:59,12,1,6
BRDA:63,13,0,1
BRDA:63,13,1,6
BRDA:67,14,0,1
BRDA:67,14,1,6
BRDA:82,15,0,3
BRDA:82,15,1,5
BRDA:82,16,0,8
BRDA:82,16,1,8
BRDA:82,16,2,7
BRDA:95,17,0,11
BRDA:95,17,1,8
BRDA:99,18,0,9
BRDA:99,18,1,8
BRDA:103,19,0,4
BRDA:103,19,1,3
BRDA:127,20,0,4
BRDA:127,20,1,1
BRDA:147,21,0,1
BRDA:147,21,1,2
BRDA:163,22,0,1
BRDA:163,22,1,0
BRDA:186,23,0,1
BRDA:186,23,1,1
BRDA:194,24,0,2
BRDA:194,24,1,0
BRF:49
BRH:45
end_of_record
